2019-10-28 14:48:50.502 [info] <0.43.0> Application lager started on node nonode@nohost
2019-10-28 14:48:50.515 [info] <0.43.0> Application xmerl started on node nonode@nohost
2019-10-28 14:48:50.529 [info] <0.43.0> Application ranch started on node nonode@nohost
2019-10-28 14:48:50.532 [info] <0.43.0> Application recon started on node nonode@nohost
2019-10-28 14:48:50.532 [info] <0.43.0> Application rabbit_common started on node nonode@nohost
2019-10-28 14:48:50.545 [info] <0.43.0> Application amqp_client started on node nonode@nohost
2019-10-28 14:48:50.545 [info] <0.43.0> Application amqp started on node nonode@nohost
2019-10-28 14:48:50.546 [info] <0.43.0> Application protein started on node nonode@nohost
2019-10-28 14:48:50.575 [info] <0.43.0> Application ex_unit started on node nonode@nohost
2019-10-28 14:48:50.889 [error] <0.2247.0> CRASH REPORT Process <0.2247.0> with 1 neighbours exited with reason: {compile_forms,{error,[{[],[{none,compile,{crash,sys_core_fold,{{case_clause,{'EXIT',{function_clause,[{sys_core_fold,module,[[{attribute,44,file,{"lib/httpoison.ex",44}},{attribute,44,module,'Elixir.HTTPoison_meck_original'},{attribute,44,compile,[no_auto_import]},{attribute,66,spec,{{transformer,1},[{type,66,fun,[{type,66,product,[{type,66,pid,[]}]},{atom,0,ok}]}]}},{attribute,66,spec,{{stream_next,1},[{type,66,fun,[{type,66,product,[{remote_type,66,[{atom,0,'Elixir.HTTPoison.AsyncResponse'},...]}]},...]}]}},...],...],...},...]}}},...}}}]}],...}} in meck_code:compile_and_load_forms/2 line 79
2019-10-28 14:49:01.960 [info] <0.43.0> Application lager started on node nonode@nohost
2019-10-28 14:49:01.968 [info] <0.43.0> Application xmerl started on node nonode@nohost
2019-10-28 14:49:01.979 [info] <0.43.0> Application ranch started on node nonode@nohost
2019-10-28 14:49:01.983 [info] <0.43.0> Application recon started on node nonode@nohost
2019-10-28 14:49:01.983 [info] <0.43.0> Application rabbit_common started on node nonode@nohost
2019-10-28 14:49:01.992 [info] <0.43.0> Application amqp_client started on node nonode@nohost
2019-10-28 14:49:01.995 [info] <0.43.0> Application amqp started on node nonode@nohost
2019-10-28 14:49:01.995 [info] <0.43.0> Application protein started on node nonode@nohost
2019-10-28 14:49:02.027 [info] <0.43.0> Application ex_unit started on node nonode@nohost
2019-10-28 14:49:02.795 [error] <0.342.0> CRASH REPORT Process <0.342.0> with 1 neighbours exited with reason: {compile_forms,{error,[{[],[{none,compile,{crash,sys_core_fold,{{case_clause,{'EXIT',{function_clause,[{sys_core_fold,module,[[{attribute,44,file,{"lib/httpoison.ex",44}},{attribute,44,module,'Elixir.HTTPoison_meck_original'},{attribute,44,compile,[no_auto_import]},{attribute,66,spec,{{transformer,1},[{type,66,fun,[{type,66,product,[{type,66,pid,[]}]},{atom,0,ok}]}]}},{attribute,66,spec,{{stream_next,1},[{type,66,fun,[{type,66,product,[{remote_type,66,[{atom,0,'Elixir.HTTPoison.AsyncResponse'},...]}]},...]}]}},...],...],...},...]}}},...}}}]}],...}} in meck_code:compile_and_load_forms/2 line 79
